app/build/intermediates/manifest_merge_blame_file/release/processReleaseMainManifest/manifest-merger-blame-release-report.txt
1<?xml version="1.0" encoding="utf-8"?>
2<manifest xmlns:android="http://schemas.android.com/apk/res/android"
3    package="com.ifinancas"
4    android:versionCode="64"
5    android:versionName="1.5.6" >
6
7    <uses-sdk
8        android:minSdkVersion="24"
9        android:targetSdkVersion="34" />
10
11    <uses-permission
11-->src\main\AndroidManifest.xml:5:5-7:38
12        android:name="android.permission.READ_EXTERNAL_STORAGE"
12-->src\main\AndroidManifest.xml:6:9-64
13        android:maxSdkVersion="32" />
13-->src\main\AndroidManifest.xml:7:9-35
14    <uses-permission android:name="com.google.android.gms.permission.AD_ID" />
14-->src\main\AndroidManifest.xml:8:5-79
14-->src\main\AndroidManifest.xml:8:22-76
15    <uses-permission android:name="android.permission.INTERNET" />
15-->src\main\AndroidManifest.xml:9:5-67
15-->src\main\AndroidManifest.xml:9:22-64
16    <uses-permission android:name="android.permission.POST_NOTIFICATIONS" />
16-->src\main\AndroidManifest.xml:11:5-77
16-->src\main\AndroidManifest.xml:11:22-74
17    <uses-permission android:name="android.permission.ACCESS_NETWORK_STATE" />
17-->[com.google.firebase:firebase-auth:23.0.0] AndroidManifest.xml:26:5-79
17-->[com.google.firebase:firebase-auth:23.0.0] AndroidManifest.xml:26:22-76
18    <uses-permission android:name="android.permission.WAKE_LOCK" /> <!-- Required by older versions of Google Play services to create IID tokens -->
18-->[com.google.firebase:firebase-messaging:24.0.0] AndroidManifest.xml:24:5-68
18-->[com.google.firebase:firebase-messaging:24.0.0] AndroidManifest.xml:24:22-65
19    <uses-permission android:name="com.google.android.c2dm.permission.RECEIVE" />
19-->[com.google.firebase:firebase-messaging:24.0.0] AndroidManifest.xml:26:5-82
19-->[com.google.firebase:firebase-messaging:24.0.0] AndroidManifest.xml:26:22-79
20    <uses-permission android:name="android.permission.ACCESS_ADSERVICES_AD_ID" />
20-->[com.google.android.gms:play-services-ads-lite:23.1.0] AndroidManifest.xml:27:5-82
20-->[com.google.android.gms:play-services-ads-lite:23.1.0] AndroidManifest.xml:27:22-79
21    <uses-permission android:name="android.permission.ACCESS_ADSERVICES_ATTRIBUTION" />
21-->[com.google.android.gms:play-services-ads-lite:23.1.0] AndroidManifest.xml:28:5-88
21-->[com.google.android.gms:play-services-ads-lite:23.1.0] AndroidManifest.xml:28:22-85
22    <uses-permission android:name="android.permission.ACCESS_ADSERVICES_TOPICS" /> <!-- Android package visibility setting -->
22-->[com.google.android.gms:play-services-ads-lite:23.1.0] AndroidManifest.xml:29:5-83
22-->[com.google.android.gms:play-services-ads-lite:23.1.0] AndroidManifest.xml:29:22-80
23    <queries>
23-->[com.google.android.gms:play-services-ads-lite:23.1.0] AndroidManifest.xml:35:5-51:15
24
25        <!-- For browser content -->
26        <intent>
26-->[com.google.android.gms:play-services-ads-lite:23.1.0] AndroidManifest.xml:38:9-44:18
27            <action android:name="android.intent.action.VIEW" />
27-->[com.google.firebase:firebase-auth:23.0.0] AndroidManifest.xml:36:17-69
27-->[com.google.firebase:firebase-auth:23.0.0] AndroidManifest.xml:36:25-66
28
29            <category android:name="android.intent.category.BROWSABLE" />
29-->[com.google.firebase:firebase-auth:23.0.0] AndroidManifest.xml:39:17-78
29-->[com.google.firebase:firebase-auth:23.0.0] AndroidManifest.xml:39:27-75
30
31            <data android:scheme="https" />
31-->[com.google.firebase:firebase-auth:23.0.0] AndroidManifest.xml:41:17-44:51
31-->[com.google.firebase:firebase-auth:23.0.0] AndroidManifest.xml:44:21-48
32        </intent>
33        <!-- End of browser content -->
34        <!-- For CustomTabsService -->
35        <intent>
35-->[com.google.android.gms:play-services-ads-lite:23.1.0] AndroidManifest.xml:47:9-49:18
36            <action android:name="android.support.customtabs.action.CustomTabsService" />
36-->[com.google.android.gms:play-services-ads-lite:23.1.0] AndroidManifest.xml:48:13-90
36-->[com.google.android.gms:play-services-ads-lite:23.1.0] AndroidManifest.xml:48:21-87
37        </intent>
38        <!-- End of CustomTabsService -->
39    </queries>
40
41    <uses-permission android:name="com.google.android.providers.gsf.permission.READ_GSERVICES" />
41-->[com.google.android.recaptcha:recaptcha:18.4.0] AndroidManifest.xml:9:5-98
41-->[com.google.android.recaptcha:recaptcha:18.4.0] AndroidManifest.xml:9:22-95
42    <uses-permission android:name="android.permission.FOREGROUND_SERVICE" />
42-->[androidx.work:work-runtime:2.7.0] AndroidManifest.xml:28:5-77
42-->[androidx.work:work-runtime:2.7.0] AndroidManifest.xml:28:22-74
43
44    <permission
44-->[androidx.core:core:1.13.1] AndroidManifest.xml:22:5-24:47
45        android:name="com.ifinancas.DYNAMIC_RECEIVER_NOT_EXPORTED_PERMISSION"
45-->[androidx.core:core:1.13.1] AndroidManifest.xml:23:9-81
46        android:protectionLevel="signature" />
46-->[androidx.core:core:1.13.1] AndroidManifest.xml:24:9-44
47
48    <uses-permission android:name="com.ifinancas.DYNAMIC_RECEIVER_NOT_EXPORTED_PERMISSION" />
48-->[androidx.core:core:1.13.1] AndroidManifest.xml:26:5-97
48-->[androidx.core:core:1.13.1] AndroidManifest.xml:26:22-94
49
50    <application
50-->src\main\AndroidManifest.xml:14:5-50:19
51        android:name="com.ifinancas.dependecyInjection.MyApplication"
51-->src\main\AndroidManifest.xml:15:9-57
52        android:allowBackup="true"
52-->src\main\AndroidManifest.xml:16:9-35
53        android:appComponentFactory="androidx.core.app.CoreComponentFactory"
53-->[androidx.core:core:1.13.1] AndroidManifest.xml:28:18-86
54        android:dataExtractionRules="@xml/data_extraction_rules"
54-->src\main\AndroidManifest.xml:17:9-65
55        android:extractNativeLibs="false"
56        android:fullBackupContent="@xml/backup_rules"
56-->src\main\AndroidManifest.xml:18:9-54
57        android:icon="@mipmap/ic_launcher"
57-->src\main\AndroidManifest.xml:19:9-43
58        android:label="@string/app_name"
58-->src\main\AndroidManifest.xml:20:9-41
59        android:roundIcon="@mipmap/ic_launcher_round"
59-->src\main\AndroidManifest.xml:21:9-54
60        android:supportsRtl="true"
60-->src\main\AndroidManifest.xml:22:9-35
61        android:theme="@style/Theme.IFinanças" >
61-->src\main\AndroidManifest.xml:23:9-47
62        <service
62-->src\main\AndroidManifest.xml:26:9-32:19
63            android:name="com.ifinancas.services.impl.NotificationServiceImpl"
63-->src\main\AndroidManifest.xml:27:13-66
64            android:exported="false" >
64-->src\main\AndroidManifest.xml:28:13-37
65            <intent-filter>
65-->src\main\AndroidManifest.xml:29:13-31:29
66                <action android:name="com.google.firebase.MESSAGING_EVENT" />
66-->src\main\AndroidManifest.xml:30:17-78
66-->src\main\AndroidManifest.xml:30:25-75
67            </intent-filter>
68        </service>
69
70        <activity
70-->src\main\AndroidManifest.xml:34:9-44:20
71            android:name="com.ifinancas.MainActivity"
71-->src\main\AndroidManifest.xml:35:13-41
72            android:exported="true"
72-->src\main\AndroidManifest.xml:36:13-36
73            android:label="@string/app_name"
73-->src\main\AndroidManifest.xml:37:13-45
74            android:theme="@style/Theme.IFinanças" >
74-->src\main\AndroidManifest.xml:38:13-51
75            <intent-filter>
75-->src\main\AndroidManifest.xml:39:13-43:29
76                <action android:name="android.intent.action.MAIN" />
76-->src\main\AndroidManifest.xml:40:17-69
76-->src\main\AndroidManifest.xml:40:25-66
77
78                <category android:name="android.intent.category.LAUNCHER" />
78-->src\main\AndroidManifest.xml:42:17-77
78-->src\main\AndroidManifest.xml:42:27-74
79            </intent-filter>
80        </activity>
81        <!-- Sample AdMob app ID: ca-app-pub-3940256099942544~3347511713 -->
82        <!-- ca-app-pub-4318787550457876~3607672559 official -->
83        <meta-data
83-->src\main\AndroidManifest.xml:47:9-49:70
84            android:name="com.google.android.gms.ads.APPLICATION_ID"
84-->src\main\AndroidManifest.xml:48:13-69
85            android:value="ca-app-pub-4318787550457876~2983349427" />
85-->src\main\AndroidManifest.xml:49:13-67
86
87        <service
87-->[com.google.firebase:firebase-auth-ktx:23.0.0] AndroidManifest.xml:8:9-14:19
88            android:name="com.google.firebase.components.ComponentDiscoveryService"
88-->[com.google.firebase:firebase-auth-ktx:23.0.0] AndroidManifest.xml:9:13-84
89            android:directBootAware="true"
89-->[com.google.firebase:firebase-common:21.0.0] AndroidManifest.xml:32:13-43
90            android:exported="false" >
90-->[com.google.firebase:firebase-auth-ktx:23.0.0] AndroidManifest.xml:10:13-37
91            <meta-data
91-->[com.google.firebase:firebase-auth-ktx:23.0.0] AndroidManifest.xml:11:13-13:85
92                android:name="com.google.firebase.components:com.google.firebase.auth.ktx.FirebaseAuthLegacyRegistrar"
92-->[com.google.firebase:firebase-auth-ktx:23.0.0] AndroidManifest.xml:12:17-119
93                android:value="com.google.firebase.components.ComponentRegistrar" />
93-->[com.google.firebase:firebase-auth-ktx:23.0.0] AndroidManifest.xml:13:17-82
94            <meta-data
94-->[com.google.firebase:firebase-auth:23.0.0] AndroidManifest.xml:69:13-71:85
95                android:name="com.google.firebase.components:com.google.firebase.auth.FirebaseAuthRegistrar"
95-->[com.google.firebase:firebase-auth:23.0.0] AndroidManifest.xml:70:17-109
96                android:value="com.google.firebase.components.ComponentRegistrar" />
96-->[com.google.firebase:firebase-auth:23.0.0] AndroidManifest.xml:71:17-82
97            <meta-data
97-->[com.google.firebase:firebase-firestore:25.0.0] AndroidManifest.xml:17:13-19:85
98                android:name="com.google.firebase.components:com.google.firebase.firestore.FirebaseFirestoreKtxRegistrar"
98-->[com.google.firebase:firebase-firestore:25.0.0] AndroidManifest.xml:18:17-122
99                android:value="com.google.firebase.components.ComponentRegistrar" />
99-->[com.google.firebase:firebase-firestore:25.0.0] AndroidManifest.xml:19:17-82
100            <meta-data
100-->[com.google.firebase:firebase-firestore:25.0.0] AndroidManifest.xml:20:13-22:85
101                android:name="com.google.firebase.components:com.google.firebase.firestore.FirestoreRegistrar"
101-->[com.google.firebase:firebase-firestore:25.0.0] AndroidManifest.xml:21:17-111
102                android:value="com.google.firebase.components.ComponentRegistrar" />
102-->[com.google.firebase:firebase-firestore:25.0.0] AndroidManifest.xml:22:17-82
103            <meta-data
103-->[com.google.firebase:firebase-storage:21.0.0] AndroidManifest.xml:30:13-32:85
104                android:name="com.google.firebase.components:com.google.firebase.storage.FirebaseStorageKtxRegistrar"
104-->[com.google.firebase:firebase-storage:21.0.0] AndroidManifest.xml:31:17-118
105                android:value="com.google.firebase.components.ComponentRegistrar" />
105-->[com.google.firebase:firebase-storage:21.0.0] AndroidManifest.xml:32:17-82
106            <meta-data
106-->[com.google.firebase:firebase-storage:21.0.0] AndroidManifest.xml:33:13-35:85
107                android:name="com.google.firebase.components:com.google.firebase.storage.StorageRegistrar"
107-->[com.google.firebase:firebase-storage:21.0.0] AndroidManifest.xml:34:17-107
108                android:value="com.google.firebase.components.ComponentRegistrar" />
108-->[com.google.firebase:firebase-storage:21.0.0] AndroidManifest.xml:35:17-82
109            <meta-data
109-->[com.google.firebase:firebase-messaging:24.0.0] AndroidManifest.xml:57:13-59:85
110                android:name="com.google.firebase.components:com.google.firebase.messaging.FirebaseMessagingKtxRegistrar"
110-->[com.google.firebase:firebase-messaging:24.0.0] AndroidManifest.xml:58:17-122
111                android:value="com.google.firebase.components.ComponentRegistrar" />
111-->[com.google.firebase:firebase-messaging:24.0.0] AndroidManifest.xml:59:17-82
112            <meta-data
112-->[com.google.firebase:firebase-messaging:24.0.0] AndroidManifest.xml:60:13-62:85
113                android:name="com.google.firebase.components:com.google.firebase.messaging.FirebaseMessagingRegistrar"
113-->[com.google.firebase:firebase-messaging:24.0.0] AndroidManifest.xml:61:17-119
114                android:value="com.google.firebase.components.ComponentRegistrar" />
114-->[com.google.firebase:firebase-messaging:24.0.0] AndroidManifest.xml:62:17-82
115            <meta-data
115-->[com.google.firebase:firebase-appcheck:17.1.0] AndroidManifest.xml:25:13-27:85
116                android:name="com.google.firebase.components:com.google.firebase.appcheck.FirebaseAppCheckKtxRegistrar"
116-->[com.google.firebase:firebase-appcheck:17.1.0] AndroidManifest.xml:26:17-120
117                android:value="com.google.firebase.components.ComponentRegistrar" />
117-->[com.google.firebase:firebase-appcheck:17.1.0] AndroidManifest.xml:27:17-82
118            <meta-data
118-->[com.google.firebase:firebase-appcheck:17.1.0] AndroidManifest.xml:28:13-30:85
119                android:name="com.google.firebase.components:com.google.firebase.appcheck.FirebaseAppCheckRegistrar"
119-->[com.google.firebase:firebase-appcheck:17.1.0] AndroidManifest.xml:29:17-117
120                android:value="com.google.firebase.components.ComponentRegistrar" />
120-->[com.google.firebase:firebase-appcheck:17.1.0] AndroidManifest.xml:30:17-82
121            <meta-data
121-->[com.google.firebase:firebase-installations:17.2.0] AndroidManifest.xml:15:13-17:85
122                android:name="com.google.firebase.components:com.google.firebase.installations.FirebaseInstallationsKtxRegistrar"
122-->[com.google.firebase:firebase-installations:17.2.0] AndroidManifest.xml:16:17-130
123                android:value="com.google.firebase.components.ComponentRegistrar" />
123-->[com.google.firebase:firebase-installations:17.2.0] AndroidManifest.xml:17:17-82
124            <meta-data
124-->[com.google.firebase:firebase-installations:17.2.0] AndroidManifest.xml:18:13-20:85
125                android:name="com.google.firebase.components:com.google.firebase.installations.FirebaseInstallationsRegistrar"
125-->[com.google.firebase:firebase-installations:17.2.0] AndroidManifest.xml:19:17-127
126                android:value="com.google.firebase.components.ComponentRegistrar" />
126-->[com.google.firebase:firebase-installations:17.2.0] AndroidManifest.xml:20:17-82
127            <meta-data
127-->[com.google.firebase:firebase-common-ktx:21.0.0] AndroidManifest.xml:12:13-14:85
128                android:name="com.google.firebase.components:com.google.firebase.ktx.FirebaseCommonLegacyRegistrar"
128-->[com.google.firebase:firebase-common-ktx:21.0.0] AndroidManifest.xml:13:17-116
129                android:value="com.google.firebase.components.ComponentRegistrar" />
129-->[com.google.firebase:firebase-common-ktx:21.0.0] AndroidManifest.xml:14:17-82
130            <meta-data
130-->[com.google.firebase:firebase-common:21.0.0] AndroidManifest.xml:35:13-37:85
131                android:name="com.google.firebase.components:com.google.firebase.FirebaseCommonKtxRegistrar"
131-->[com.google.firebase:firebase-common:21.0.0] AndroidManifest.xml:36:17-109
132                android:value="com.google.firebase.components.ComponentRegistrar" />
132-->[com.google.firebase:firebase-common:21.0.0] AndroidManifest.xml:37:17-82
133            <meta-data
133-->[com.google.firebase:firebase-datatransport:18.2.0] AndroidManifest.xml:25:13-27:85
134                android:name="com.google.firebase.components:com.google.firebase.datatransport.TransportRegistrar"
134-->[com.google.firebase:firebase-datatransport:18.2.0] AndroidManifest.xml:26:17-115
135                android:value="com.google.firebase.components.ComponentRegistrar" />
135-->[com.google.firebase:firebase-datatransport:18.2.0] AndroidManifest.xml:27:17-82
136        </service>
137
138        <activity
138-->[com.google.firebase:firebase-auth:23.0.0] AndroidManifest.xml:29:9-46:20
139            android:name="com.google.firebase.auth.internal.GenericIdpActivity"
139-->[com.google.firebase:firebase-auth:23.0.0] AndroidManifest.xml:30:13-80
140            android:excludeFromRecents="true"
140-->[com.google.firebase:firebase-auth:23.0.0] AndroidManifest.xml:31:13-46
141            android:exported="true"
141-->[com.google.firebase:firebase-auth:23.0.0] AndroidManifest.xml:32:13-36
142            android:launchMode="singleTask"
142-->[com.google.firebase:firebase-auth:23.0.0] AndroidManifest.xml:33:13-44
143            android:theme="@android:style/Theme.Translucent.NoTitleBar" >
143-->[com.google.firebase:firebase-auth:23.0.0] AndroidManifest.xml:34:13-72
144            <intent-filter>
144-->[com.google.firebase:firebase-auth:23.0.0] AndroidManifest.xml:35:13-45:29
145                <action android:name="android.intent.action.VIEW" />
145-->[com.google.firebase:firebase-auth:23.0.0] AndroidManifest.xml:36:17-69
145-->[com.google.firebase:firebase-auth:23.0.0] AndroidManifest.xml:36:25-66
146
147                <category android:name="android.intent.category.DEFAULT" />
147-->[com.google.firebase:firebase-auth:23.0.0] AndroidManifest.xml:38:17-76
147-->[com.google.firebase:firebase-auth:23.0.0] AndroidManifest.xml:38:27-73
148                <category android:name="android.intent.category.BROWSABLE" />
148-->[com.google.firebase:firebase-auth:23.0.0] AndroidManifest.xml:39:17-78
148-->[com.google.firebase:firebase-auth:23.0.0] AndroidManifest.xml:39:27-75
149
150                <data
150-->[com.google.firebase:firebase-auth:23.0.0] AndroidManifest.xml:41:17-44:51
151                    android:host="firebase.auth"
151-->[com.google.firebase:firebase-auth:23.0.0] AndroidManifest.xml:42:21-49
152                    android:path="/"
152-->[com.google.firebase:firebase-auth:23.0.0] AndroidManifest.xml:43:21-37
153                    android:scheme="genericidp" />
153-->[com.google.firebase:firebase-auth:23.0.0] AndroidManifest.xml:44:21-48
154            </intent-filter>
155        </activity>
156        <activity
156-->[com.google.firebase:firebase-auth:23.0.0] AndroidManifest.xml:47:9-64:20
157            android:name="com.google.firebase.auth.internal.RecaptchaActivity"
157-->[com.google.firebase:firebase-auth:23.0.0] AndroidManifest.xml:48:13-79
158            android:excludeFromRecents="true"
158-->[com.google.firebase:firebase-auth:23.0.0] AndroidManifest.xml:49:13-46
159            android:exported="true"
159-->[com.google.firebase:firebase-auth:23.0.0] AndroidManifest.xml:50:13-36
160            android:launchMode="singleTask"
160-->[com.google.firebase:firebase-auth:23.0.0] AndroidManifest.xml:51:13-44
161            android:theme="@android:style/Theme.Translucent.NoTitleBar" >
161-->[com.google.firebase:firebase-auth:23.0.0] AndroidManifest.xml:52:13-72
162            <intent-filter>
162-->[com.google.firebase:firebase-auth:23.0.0] AndroidManifest.xml:53:13-63:29
163                <action android:name="android.intent.action.VIEW" />
163-->[com.google.firebase:firebase-auth:23.0.0] AndroidManifest.xml:36:17-69
163-->[com.google.firebase:firebase-auth:23.0.0] AndroidManifest.xml:36:25-66
164
165                <category android:name="android.intent.category.DEFAULT" />
165-->[com.google.firebase:firebase-auth:23.0.0] AndroidManifest.xml:38:17-76
165-->[com.google.firebase:firebase-auth:23.0.0] AndroidManifest.xml:38:27-73
166                <category android:name="android.intent.category.BROWSABLE" />
166-->[com.google.firebase:firebase-auth:23.0.0] AndroidManifest.xml:39:17-78
166-->[com.google.firebase:firebase-auth:23.0.0] AndroidManifest.xml:39:27-75
167
168                <data
168-->[com.google.firebase:firebase-auth:23.0.0] AndroidManifest.xml:41:17-44:51
169                    android:host="firebase.auth"
169-->[com.google.firebase:firebase-auth:23.0.0] AndroidManifest.xml:42:21-49
170                    android:path="/"
170-->[com.google.firebase:firebase-auth:23.0.0] AndroidManifest.xml:43:21-37
171                    android:scheme="recaptcha" />
171-->[com.google.firebase:firebase-auth:23.0.0] AndroidManifest.xml:44:21-48
172            </intent-filter>
173        </activity>
174
175        <receiver
175-->[com.google.firebase:firebase-messaging:24.0.0] AndroidManifest.xml:29:9-40:20
176            android:name="com.google.firebase.iid.FirebaseInstanceIdReceiver"
176-->[com.google.firebase:firebase-messaging:24.0.0] AndroidManifest.xml:30:13-78
177            android:exported="true"
177-->[com.google.firebase:firebase-messaging:24.0.0] AndroidManifest.xml:31:13-36
178            android:permission="com.google.android.c2dm.permission.SEND" >
178-->[com.google.firebase:firebase-messaging:24.0.0] AndroidManifest.xml:32:13-73
179            <intent-filter>
179-->[com.google.firebase:firebase-messaging:24.0.0] AndroidManifest.xml:33:13-35:29
180                <action android:name="com.google.android.c2dm.intent.RECEIVE" />
180-->[com.google.firebase:firebase-messaging:24.0.0] AndroidManifest.xml:34:17-81
180-->[com.google.firebase:firebase-messaging:24.0.0] AndroidManifest.xml:34:25-78
181            </intent-filter>
182
183            <meta-data
183-->[com.google.firebase:firebase-messaging:24.0.0] AndroidManifest.xml:37:13-39:40
184                android:name="com.google.android.gms.cloudmessaging.FINISHED_AFTER_HANDLED"
184-->[com.google.firebase:firebase-messaging:24.0.0] AndroidManifest.xml:38:17-92
185                android:value="true" />
185-->[com.google.firebase:firebase-messaging:24.0.0] AndroidManifest.xml:39:17-37
186        </receiver>
187        <!--
188             FirebaseMessagingService performs security checks at runtime,
189             but set to not exported to explicitly avoid allowing another app to call it.
190        -->
191        <service
191-->[com.google.firebase:firebase-messaging:24.0.0] AndroidManifest.xml:46:9-53:19
192            android:name="com.google.firebase.messaging.FirebaseMessagingService"
192-->[com.google.firebase:firebase-messaging:24.0.0] AndroidManifest.xml:47:13-82
193            android:directBootAware="true"
193-->[com.google.firebase:firebase-messaging:24.0.0] AndroidManifest.xml:48:13-43
194            android:exported="false" >
194-->[com.google.firebase:firebase-messaging:24.0.0] AndroidManifest.xml:49:13-37
195            <intent-filter android:priority="-500" >
195-->src\main\AndroidManifest.xml:29:13-31:29
196                <action android:name="com.google.firebase.MESSAGING_EVENT" />
196-->src\main\AndroidManifest.xml:30:17-78
196-->src\main\AndroidManifest.xml:30:25-75
197            </intent-filter>
198        </service>
199        <service
199-->[androidx.credentials:credentials-play-services-auth:1.2.0-rc01] AndroidManifest.xml:24:9-32:19
200            android:name="androidx.credentials.playservices.CredentialProviderMetadataHolder"
200-->[androidx.credentials:credentials-play-services-auth:1.2.0-rc01] AndroidManifest.xml:25:13-94
201            android:enabled="true"
201-->[androidx.credentials:credentials-play-services-auth:1.2.0-rc01] AndroidManifest.xml:26:13-35
202            android:exported="false" >
202-->[androidx.credentials:credentials-play-services-auth:1.2.0-rc01] AndroidManifest.xml:27:13-37
203            <meta-data
203-->[androidx.credentials:credentials-play-services-auth:1.2.0-rc01] AndroidManifest.xml:29:13-31:104
204                android:name="androidx.credentials.CREDENTIAL_PROVIDER_KEY"
204-->[androidx.credentials:credentials-play-services-auth:1.2.0-rc01] AndroidManifest.xml:30:17-76
205                android:value="androidx.credentials.playservices.CredentialProviderPlayServicesImpl" />
205-->[androidx.credentials:credentials-play-services-auth:1.2.0-rc01] AndroidManifest.xml:31:17-101
206        </service>
207
208        <activity
208-->[androidx.credentials:credentials-play-services-auth:1.2.0-rc01] AndroidManifest.xml:34:9-41:20
209            android:name="androidx.credentials.playservices.HiddenActivity"
209-->[androidx.credentials:credentials-play-services-auth:1.2.0-rc01] AndroidManifest.xml:35:13-76
210            android:configChanges="orientation|screenSize|screenLayout|keyboardHidden"
210-->[androidx.credentials:credentials-play-services-auth:1.2.0-rc01] AndroidManifest.xml:36:13-87
211            android:enabled="true"
211-->[androidx.credentials:credentials-play-services-auth:1.2.0-rc01] AndroidManifest.xml:37:13-35
212            android:exported="false"
212-->[androidx.credentials:credentials-play-services-auth:1.2.0-rc01] AndroidManifest.xml:38:13-37
213            android:fitsSystemWindows="true"
213-->[androidx.credentials:credentials-play-services-auth:1.2.0-rc01] AndroidManifest.xml:39:13-45
214            android:theme="@style/Theme.Hidden" >
214-->[androidx.credentials:credentials-play-services-auth:1.2.0-rc01] AndroidManifest.xml:40:13-48
215        </activity>
216        <activity
216-->[com.google.android.gms:play-services-auth:21.2.0] AndroidManifest.xml:23:9-27:75
217            android:name="com.google.android.gms.auth.api.signin.internal.SignInHubActivity"
217-->[com.google.android.gms:play-services-auth:21.2.0] AndroidManifest.xml:24:13-93
218            android:excludeFromRecents="true"
218-->[com.google.android.gms:play-services-auth:21.2.0] AndroidManifest.xml:25:13-46
219            android:exported="false"
219-->[com.google.android.gms:play-services-auth:21.2.0] AndroidManifest.xml:26:13-37
220            android:theme="@android:style/Theme.Translucent.NoTitleBar" />
220-->[com.google.android.gms:play-services-auth:21.2.0] AndroidManifest.xml:27:13-72
221        <!--
222            Service handling Google Sign-In user revocation. For apps that do not integrate with
223            Google Sign-In, this service will never be started.
224        -->
225        <service
225-->[com.google.android.gms:play-services-auth:21.2.0] AndroidManifest.xml:33:9-37:51
226            android:name="com.google.android.gms.auth.api.signin.RevocationBoundService"
226-->[com.google.android.gms:play-services-auth:21.2.0] AndroidManifest.xml:34:13-89
227            android:exported="true"
227-->[com.google.android.gms:play-services-auth:21.2.0] AndroidManifest.xml:35:13-36
228            android:permission="com.google.android.gms.auth.api.signin.permission.REVOCATION_NOTIFICATION"
228-->[com.google.android.gms:play-services-auth:21.2.0] AndroidManifest.xml:36:13-107
229            android:visibleToInstantApps="true" /> <!-- Include the AdActivity and InAppPurchaseActivity configChanges and themes. -->
229-->[com.google.android.gms:play-services-auth:21.2.0] AndroidManifest.xml:37:13-48
230        <activity
230-->[com.google.android.gms:play-services-ads-lite:23.1.0] AndroidManifest.xml:56:9-61:43
231            android:name="com.google.android.gms.ads.AdActivity"
231-->[com.google.android.gms:play-services-ads-lite:23.1.0] AndroidManifest.xml:57:13-65
232            android:configChanges="keyboard|keyboardHidden|orientation|screenLayout|uiMode|screenSize|smallestScreenSize"
232-->[com.google.android.gms:play-services-ads-lite:23.1.0] AndroidManifest.xml:58:13-122
233            android:exported="false"
233-->[com.google.android.gms:play-services-ads-lite:23.1.0] AndroidManifest.xml:59:13-37
234            android:theme="@android:style/Theme.Translucent" />
234-->[com.google.android.gms:play-services-ads-lite:23.1.0] AndroidManifest.xml:60:13-61
235
236        <provider
236-->[com.google.android.gms:play-services-ads-lite:23.1.0] AndroidManifest.xml:63:9-68:43
237            android:name="com.google.android.gms.ads.MobileAdsInitProvider"
237-->[com.google.android.gms:play-services-ads-lite:23.1.0] AndroidManifest.xml:64:13-76
238            android:authorities="com.ifinancas.mobileadsinitprovider"
238-->[com.google.android.gms:play-services-ads-lite:23.1.0] AndroidManifest.xml:65:13-73
239            android:exported="false"
239-->[com.google.android.gms:play-services-ads-lite:23.1.0] AndroidManifest.xml:66:13-37
240            android:initOrder="100" />
240-->[com.google.android.gms:play-services-ads-lite:23.1.0] AndroidManifest.xml:67:13-36
241
242        <service
242-->[com.google.android.gms:play-services-ads-lite:23.1.0] AndroidManifest.xml:70:9-74:43
243            android:name="com.google.android.gms.ads.AdService"
243-->[com.google.android.gms:play-services-ads-lite:23.1.0] AndroidManifest.xml:71:13-64
244            android:enabled="true"
244-->[com.google.android.gms:play-services-ads-lite:23.1.0] AndroidManifest.xml:72:13-35
245            android:exported="false" />
245-->[com.google.android.gms:play-services-ads-lite:23.1.0] AndroidManifest.xml:73:13-37
246
247        <activity
247-->[com.google.android.gms:play-services-ads-lite:23.1.0] AndroidManifest.xml:76:9-80:43
248            android:name="com.google.android.gms.ads.OutOfContextTestingActivity"
248-->[com.google.android.gms:play-services-ads-lite:23.1.0] AndroidManifest.xml:77:13-82
249            android:configChanges="keyboard|keyboardHidden|orientation|screenLayout|uiMode|screenSize|smallestScreenSize"
249-->[com.google.android.gms:play-services-ads-lite:23.1.0] AndroidManifest.xml:78:13-122
250            android:exported="false" />
250-->[com.google.android.gms:play-services-ads-lite:23.1.0] AndroidManifest.xml:79:13-37
251        <activity
251-->[com.google.android.gms:play-services-ads-lite:23.1.0] AndroidManifest.xml:81:9-88:43
252            android:name="com.google.android.gms.ads.NotificationHandlerActivity"
252-->[com.google.android.gms:play-services-ads-lite:23.1.0] AndroidManifest.xml:82:13-82
253            android:excludeFromRecents="true"
253-->[com.google.android.gms:play-services-ads-lite:23.1.0] AndroidManifest.xml:83:13-46
254            android:exported="false"
254-->[com.google.android.gms:play-services-ads-lite:23.1.0] AndroidManifest.xml:84:13-37
255            android:launchMode="singleTask"